<?xml version="1.0" encoding="UTF-8"?>
<testsuite name="CoffeeMachineTest" tests="1" skipped="0" failures="0" errors="0" timestamp="2019-08-13T08:42:40" hostname="MRUVZ250004-806" time="0.327">
  <properties/>
  <testcase name="start" classname="CoffeeMachineTest" time="0.327"/>
  <system-out><![CDATA[
Write action (buy, fill, take, remaining, exit): 
The coffee machine has:
400 of water
540 of milk
120 of coffee beans
9 of disposable cups
550 of money

Write action (buy, fill, take, remaining, exit): What do you want to buy? 1 - espresso, 2 - latte, 3 - cappuccino, back - to main menu: I have enough resources, making you a coffee!

Write action (buy, fill, take, remaining, exit): What do you want to buy? 1 - espresso, 2 - latte, 3 - cappuccino, back - to main menu: Sorry, not enough water!

Write action (buy, fill, take, remaining, exit): Write how many ml of water do you want to add: Write how many ml of milk do you want to add: Write how many grams of coffee beans do you want to add: Write how many disposable cups of coffee do you want to add: 
Write action (buy, fill, take, remaining, exit): What do you want to buy? 1 - espresso, 2 - latte, 3 - cappuccino, back - to main menu: I have enough resources, making you a coffee!

Write action (buy, fill, take, remaining, exit): I gave you 564

Write action (buy, fill, take, remaining, exit): 
The coffee machine has:
700 of water
390 of milk
80 of coffee beans
7 of disposable cups
0 of money

Write action (buy, fill, take, remaining, exit): 
Write action (buy, fill, take, remaining, exit): 
The coffee machine has:
400 of water
540 of milk
120 of coffee beans
9 of disposable cups
550 of money

Write action (buy, fill, take, remaining, exit): Write how many ml of water do you want to add: Write how many ml of milk do you want to add: Write how many grams of coffee beans do you want to add: Write how many disposable cups of coffee do you want to add: 
Write action (buy, fill, take, remaining, exit): 
The coffee machine has:
3400 of water
3540 of milk
3120 of coffee beans
3009 of disposable cups
550 of money

Write action (buy, fill, take, remaining, exit): 
Write action (buy, fill, take, remaining, exit): 
The coffee machine has:
400 of water
540 of milk
120 of coffee beans
9 of disposable cups
550 of money

Write action (buy, fill, take, remaining, exit): What do you want to buy? 1 - espresso, 2 - latte, 3 - cappuccino, back - to main menu: I have enough resources, making you a coffee!

Write action (buy, fill, take, remaining, exit): 
The coffee machine has:
150 of water
540 of milk
104 of coffee beans
8 of disposable cups
554 of money

Write action (buy, fill, take, remaining, exit): 
Write action (buy, fill, take, remaining, exit): 
The coffee machine has:
400 of water
540 of milk
120 of coffee beans
9 of disposable cups
550 of money

Write action (buy, fill, take, remaining, exit): What do you want to buy? 1 - espresso, 2 - latte, 3 - cappuccino, back - to main menu: I have enough resources, making you a coffee!

Write action (buy, fill, take, remaining, exit): 
The coffee machine has:
50 of water
465 of milk
100 of coffee beans
8 of disposable cups
557 of money

Write action (buy, fill, take, remaining, exit): 
Write action (buy, fill, take, remaining, exit): 
The coffee machine has:
400 of water
540 of milk
120 of coffee beans
9 of disposable cups
550 of money

Write action (buy, fill, take, remaining, exit): What do you want to buy? 1 - espresso, 2 - latte, 3 - cappuccino, back - to main menu: I have enough resources, making you a coffee!

Write action (buy, fill, take, remaining, exit): 
The coffee machine has:
200 of water
440 of milk
108 of coffee beans
8 of disposable cups
556 of money

Write action (buy, fill, take, remaining, exit): 
Write action (buy, fill, take, remaining, exit): 
The coffee machine has:
400 of water
540 of milk
120 of coffee beans
9 of disposable cups
550 of money

Write action (buy, fill, take, remaining, exit): I gave you 550

Write action (buy, fill, take, remaining, exit): 
The coffee machine has:
400 of water
540 of milk
120 of coffee beans
9 of disposable cups
0 of money

Write action (buy, fill, take, remaining, exit): 
Write action (buy, fill, take, remaining, exit): 
The coffee machine has:
400 of water
540 of milk
120 of coffee beans
9 of disposable cups
550 of money

Write action (buy, fill, take, remaining, exit): What do you want to buy? 1 - espresso, 2 - latte, 3 - cappuccino, back - to main menu: 
Write action (buy, fill, take, remaining, exit): 
The coffee machine has:
400 of water
540 of milk
120 of coffee beans
9 of disposable cups
550 of money

Write action (buy, fill, take, remaining, exit): ]]></system-out>
  <system-err><![CDATA[Start test 1
Start test 2
Start test 3
Start test 4
Start test 5
Start test 6
Start test 7
]]></system-err>
</testsuite>
